fdsgsg
sdgsadg

sdgsdg
vvvvvvvvvv s