fdsgsg
sdgsadg

sdgsdg
<<<<<<< HEAD

=======
dsfsdgsd
andy
andy
cdsahfgkjwf
>>>>>>> 30fc4b63b19acd587c960edfc1897bcaff15489e
vvvvvvvvvvv