fdsgsg
sdgsadg

sdgsdg
dsfsdgsd
andy
andy
cdsahfgkjwf
